--2016-02-10 18:38:30--  http://www.rcsb.org/pdb/files/2M21.pdb
Resolving www.rcsb.org (www.rcsb.org)... 128.6.70.10
Connecting to www.rcsb.org (www.rcsb.org)|128.6.70.10|:80... connected.
HTTP request sent, awaiting response... 200 OK
Length: unspecified [text/plain]
Saving to: ‘2M21.pdb’

     0K .......... .......... .......... .......... ..........  589K
    50K .......... .......... .......... .......... ..........  703K
   100K .......... .......... .......... .......... .......... 1.16M
   150K .......... .......... .......... .......... .......... 1.98M
   200K .......... .......... .......... .......... .......... 1.52M
   250K .......... .......... .......... .......... .......... 2.74M
   300K .......... .......... .......... .......... .......... 1.30M
   350K .......... .......... .......... .......... .......... 4.74M
   400K .......... .......... .......... .......... .......... 1.32M
   450K .......... .......... .......... .......... ..........  802K
   500K .......... .......... .......... .......... ..........  156M
   550K .......... .......... .......... .......... .......... 92.5M
   600K .......... .......... .......... .......... .......... 10.6M
   650K .......... .......... .......... .......... .......... 1.18M
   700K .......... .......... .......... .......... .......... 1.05M
   750K ........                                               1.24M=0.5s

2016-02-10 18:38:31 (1.43 MB/s) - ‘2M21.pdb’ saved [776385]

2M21 contains 14 models
