--2016-02-10 18:30:15--  http://www.rcsb.org/pdb/files/1PJY.pdb
Resolving www.rcsb.org (www.rcsb.org)... 128.6.70.10
Connecting to www.rcsb.org (www.rcsb.org)|128.6.70.10|:80... connected.
HTTP request sent, awaiting response... 200 OK
Length: unspecified [text/plain]
Saving to: ‘1PJY.pdb’

     0K .......... .......... .......... .......... ..........  617K
    50K .......... .......... .......... .......... ..........  527K
   100K .......... .......... .......... .......... .......... 1021K
   150K .......... .......... .......... .......... .......... 1.24M
   200K .......... .......... .......... .......... .......... 1.61M
   250K .......... .......... .......... .......... .......... 2.09M
   300K .......... .......... .......... .......... .......... 1.19M
   350K .......... .......... .......... .......... .......... 5.04M
   400K .......... .......... .......... .......... .......... 4.83M
   450K .......... .......... .......... .......... .......... 1.59M
   500K .......... .......... .......... .......... .......... 2.37M
   550K .......... .......... .......... .......... .......... 10.1M
   600K .......... .......... .......... .......... .......... 1.54M
   650K .......... .......... .......... .......... .......... 12.0M
   700K .......... .......... .......... .......... .......... 4.36M
   750K .......... .......... .......... .......... .......... 2.26M
   800K .......... .......... .......... .......... .......... 3.10M
   850K .......... .......... .......... .......... .......... 10.0M
   900K .......... .......... .......... .......... .......... 4.13M
   950K .......... .......... .......... .......... .......... 3.74M
  1000K .......... .......... .......... .......... .......... 3.13M
  1050K .......... .......... .......... .......... .......... 3.83M
  1100K .......... .......... .......... ....                  3.73M=0.6s

2016-02-10 18:30:16 (1.89 MB/s) - ‘1PJY.pdb’ saved [1161216]

1PJY contains 20 models
