--2016-02-10 18:43:04--  http://www.rcsb.org/pdb/files/2QH3.pdb
Resolving www.rcsb.org (www.rcsb.org)... 128.6.70.10
Connecting to www.rcsb.org (www.rcsb.org)|128.6.70.10|:80... connected.
HTTP request sent, awaiting response... 200 OK
Length: unspecified [text/plain]
Saving to: ‘2QH3.pdb’

     0K .......... .......... .......... .......... ..........  387K
    50K .......... .......... .......... .......... ..........  740K
   100K .......... .......... .......... .......... ..........  654K
   150K .......... .......... .......... .......... .......... 1.41M
   200K .......... .......... .......... .......... .......... 3.81M
   250K .......... .......... .......... .......... .......... 1.35M
   300K .......... .......... .......... .......... .......... 1.44M
   350K .......... .......... .......... .......... .......... 2.07M
   400K .......... .......... .......... .......... .......... 1.61M
   450K .......... .......... .......... .......... .......... 1.44M
   500K .......... .......... .......... .......... .......... 1.58M
   550K .......... .......... .......... .......... .......... 3.73M
   600K .......... .......... .......... .......... ..........  724K
   650K .......... .......... .......... .......... .......... 2.03M
   700K .......... .......... .......... .......... .......... 1.04M
   750K .......... .......... .......... .......... .......... 4.15M
   800K .......... .......... .......... .......... .......... 1.07M
   850K .......... .......... .......... .......... .......... 2.14M
   900K .......... .......... .......... .......... .......... 1.15M
   950K .......... .......... .......... .......... .......... 1.03M
  1000K .......... .......... .......... .......... ..........  924K
  1050K .......... .......... .......... .......... .......... 4.82M
  1100K .......... .......... .......... .......... .......... 1.02M
  1150K .......... .......... ........                         2.04M=1.0s

2016-02-10 18:43:06 (1.20 MB/s) - ‘2QH3.pdb’ saved [1206900]

2QH3 contains 20 models
