--2016-02-10 18:39:17--  http://www.rcsb.org/pdb/files/2M24.pdb
Resolving www.rcsb.org (www.rcsb.org)... 128.6.70.10
Connecting to www.rcsb.org (www.rcsb.org)|128.6.70.10|:80... connected.
HTTP request sent, awaiting response... 200 OK
Length: unspecified [text/plain]
Saving to: ‘2M24.pdb’

     0K .......... .......... .......... .......... ..........  493K
    50K .......... .......... .......... .......... ..........  804K
   100K .......... .......... .......... .......... .......... 1.07M
   150K .......... .......... .......... .......... .......... 1.73M
   200K .......... .......... .......... .......... .......... 1.70M
   250K .......... .......... .......... .......... .......... 1.17M
   300K .......... .......... .......... .......... .......... 3.75M
   350K .......... .......... .......... .......... .......... 1.46M
   400K .......... .......... .......... .......... .......... 2.06M
   450K .......... .......... .......... .......... .......... 2.20M
   500K .......... .......... .......... .......... .......... 1.77M
   550K .......... .......... .......... .......... .......... 4.27M
   600K .......... .......... .......... .......... .......... 2.44M
   650K .......... .......... .......... .......... .......... 1.93M
   700K .......... .......... .......... .......... .......... 3.53M
   750K .......... .......... .......... .......... .......... 1.57M
   800K .......... .......... .......... .......... .......... 7.77M
   850K .......... .......... .......... .......... .......... 1.50M
   900K .......... .......... .......... .......... .......... 5.13M
   950K .......... .......... .......... .......... .......... 1.21M
  1000K .......... .......... .......... .......... .......... 4.59M
  1050K .......... .......... .......... .......... .......... 1.41M
  1100K .......... .......... .......... .......... .......... 4.03M
  1150K .......... .......... .......... .......... .......... 12.2M
  1200K .......... .......... .......... .......... ..........  697K
  1250K .......... .......... .......... .......... .......... 3.86M
  1300K .......... .......... .......... .......... .......... 8.30M
  1350K .......... .......... .......... .......... .......... 1.86M
  1400K .......... .......... .......... .......... .......... 4.39M
  1450K .......... .......... .......... ...                   2.63M=0.8s

2016-02-10 18:39:18 (1.77 MB/s) - ‘2M24.pdb’ saved [1518993]

2M24 contains 20 models
