--2016-02-10 18:38:52--  http://www.rcsb.org/pdb/files/2M23.pdb
Resolving www.rcsb.org (www.rcsb.org)... 128.6.70.10
Connecting to www.rcsb.org (www.rcsb.org)|128.6.70.10|:80... connected.
HTTP request sent, awaiting response... 200 OK
Length: unspecified [text/plain]
Saving to: ‘2M23.pdb’

     0K .......... .......... .......... .......... ..........  446K
    50K .......... .......... .......... .......... ..........  632K
   100K .......... .......... .......... .......... .......... 1.10M
   150K .......... .......... .......... .......... .......... 1.22M
   200K .......... .......... .......... .......... .......... 2.32M
   250K .......... .......... .......... .......... .......... 1.20M
   300K .......... .......... .......... .......... .......... 3.39M
   350K .......... .......... .......... .......... .......... 1.67M
   400K .......... .......... .......... .......... .......... 1.27M
   450K .......... .......... .......... .......... .......... 3.25M
   500K .......... .......... .......... .......... .......... 1.40M
   550K .......... .......... .......... .......... .......... 3.15M
   600K .......... .......... .......... .......... ..........  686K
   650K .......... .......... .......... .......... .......... 7.43M
   700K .......... .......... .......... .......... .......... 1.25M
   750K .......... .......... .......... .......... .......... 3.70M
   800K .......... .......... .......... .......... .......... 7.48M
   850K .......... .......... .......... .......... .......... 1.96M
   900K .......... .......... .......... .......... .......... 2.57M
   950K .......... .......... .......... .......... .......... 2.62M
  1000K .......... .......... .......... .......... .......... 2.49M
  1050K .......... .......... .......... .......... .......... 1.41M
  1100K .......... .......... .......... .......... .......... 7.62M
  1150K .......... .......... .......... .......... .......... 1.83M
  1200K .......... .......... .......... .......... .......... 3.40M
  1250K .......... .......... .......... .......... .......... 1.58M
  1300K .......... .......... .......... .......... .......... 1.87M
  1350K .......... .......... .......... .......... .......... 2.55M
  1400K .......... .......... .......... .......... .......... 2.80M
  1450K .......... .......... .......... .......... .......... 2.07M
  1500K .......... .......... .......... .......... .......... 2.99M
  1550K .......... .......... .......... .......... .......... 4.56M
  1600K .......... .......... .......... .......... .......... 3.53M
  1650K .......... .......... .......... .......... .......... 2.00M
  1700K .......... .......... .......... .......... .......... 2.64M
  1750K .......... .......... .......... .......... .......... 2.50M
  1800K .......... .......... .......... ......                9.72M=1.0s

2016-02-10 18:38:53 (1.77 MB/s) - ‘2M23.pdb’ saved [1880658]

2M23 contains 20 models
