--2016-02-10 18:30:57--  http://www.rcsb.org/pdb/files/1R7Z.pdb
Resolving www.rcsb.org (www.rcsb.org)... 128.6.70.10
Connecting to www.rcsb.org (www.rcsb.org)|128.6.70.10|:80... connected.
HTTP request sent, awaiting response... 200 OK
Length: unspecified [text/plain]
Saving to: ‘1R7Z.pdb’

     0K .......... .......... .......... .......... ..........  529K
    50K .......... .......... .......... .......... ..........  713K
   100K .......... .......... .......... .......... ..........  797K
   150K .......... .......... .......... .......... ..........  734K
   200K .......... .......... .......... .......... ..........  560K
   250K .......... .......... .......... .......... ..........  868K
   300K .......... .......... .......... .......... .......... 1.14M
   350K .......... .......... .......... .......... .......... 1.18M
   400K .......... .......... .......... .......... .......... 1.04M
   450K .......... .......... .......... .......... ..........  946K
   500K .......... .......... .......... .......... .......... 1.21M
   550K .......... .......... .......... .......... .......... 1.46M
   600K .......... .......... .......... .......... .......... 1.24M
   650K .......... .......... .......... .......... .......... 1.54M
   700K .......... .......... .......... .......... .......... 1.44M
   750K .......... .......... .......... .......... .......... 1.05M
   800K .......... .......... .......... .......... .......... 1.81M
   850K .......... .......... .......... .......... ..........  848K
   900K .......... .......... .......... .......... .......... 1.46M
   950K .......... .......... .......... .......... .......... 8.28M
  1000K .......... .......... .......... .......... ..........  131K
  1050K .......... .......... .......... .......... ..........  130M
  1100K .......... .......... .......... .......... .......... 1.25M
  1150K .......... .......... .......... .......... ..........  973K
  1200K .......... .......... .......... .......... .......... 1.26M
  1250K .......... .......... .......... .......... .......... 1.16M
  1300K .......... .......... .......... .......... ..........  874K
  1350K .......... .......... .......... .......... .......... 1.30M
  1400K .......... .......... .......... .......... .......... 1.07M
  1450K .......... .......... .......... .......... .......... 1.48M
  1500K .......... .......... .......... .......... .......... 1.85M
  1550K .......... .......... .......... .......... ..........  859K
  1600K .......... .......... .......... .......... .......... 1.24M
  1650K .......... .......... .......... .......... ..........  793K
  1700K .......... .......... .......... ....                  29.6M=1.9s

2016-02-10 18:30:59 (917 KB/s) - ‘1R7Z.pdb’ saved [1776573]

1R7Z contains 20 models
