--2016-02-10 18:35:30--  http://www.rcsb.org/pdb/files/2RN1.pdb
Resolving www.rcsb.org (www.rcsb.org)... 128.6.70.10
Connecting to www.rcsb.org (www.rcsb.org)|128.6.70.10|:80... connected.
HTTP request sent, awaiting response... 200 OK
Length: unspecified [text/plain]
Saving to: ‘2RN1.pdb’

     0K .......... .......... .......... .......... ..........  377K
    50K .......... .......... .......... .......... ..........  710K
   100K .......... .......... .......... .......... ..........  664K
   150K .......... .......... .......... .......... ..........  362K
   200K .......... .......... .......... .......... .......... 1.48M
   250K .......... .......... .......... .......... .......... 1.31M
   300K .......... .......... .......... .......... .......... 2.69M
   350K .......... .......... .......... .......... ..........  906K
   400K .......... .......... .......... .......... .......... 1.11M
   450K .......... .......... .......... .......... ..........  950K
   500K .......... .......... .......... .......... .......... 3.43M
   550K .......... .......... .......... .......... .......... 1.43M
   600K .......... .......... .......... .......... ..........  658K
   650K .......... .......... .......... .......... .......... 1.93M
   700K .......... .......... .......... .......... .......... 1.12M
   750K .......... .......... .......... .......... .......... 1.52M
   800K .......... .......... .......... .......... ..........  763K
   850K .......... .......... .......... .......... .......... 3.23M
   900K .......... .......... .......... .......... .......... 1.01M
   950K .......... .......... .......... .......... .......... 10.1M
  1000K .......... .......... .......... .......... .......... 1013K
  1050K .......... .......... .......... .......... .......... 1.44M
  1100K .......... .......... .......... .......... .......... 4.05M
  1150K .......... .......... .......... .......... ..........  809K
  1200K .......... .......... .......... .......... .......... 4.54M
  1250K .......... .......... .......... .......... .......... 1.05M
  1300K .......... .......... .......... .......... .......... 1.88M
  1350K .......... .......... .......... .......... .......... 3.32M
  1400K ..........                                             12.6M=1.3s

2016-02-10 18:35:31 (1.08 MB/s) - ‘2RN1.pdb’ saved [1444149]

2RN1 contains 17 models
