--2016-02-10 18:29:53--  http://www.rcsb.org/pdb/files/1NC0.pdb
Resolving www.rcsb.org (www.rcsb.org)... 128.6.70.10
Connecting to www.rcsb.org (www.rcsb.org)|128.6.70.10|:80... connected.
HTTP request sent, awaiting response... 200 OK
Length: unspecified [text/plain]
Saving to: ‘1NC0.pdb’

     0K .......... .......... .......... .......... ..........  628K
    50K .......... .......... .......... .......... ..........  836K
   100K .......... .......... .......... .......... ..........  958K
   150K .......... .......... .......... .......... .......... 2.59M
   200K .......... .......... .......... .......... .......... 1.68M
   250K .......... .......... .......... .......... .......... 1.92M
   300K .......... .......... .......... .......... .......... 3.66M
   350K .......... .......... .......... .......... .......... 2.14M
   400K .......... .......... .......... .......... .......... 2.97M
   450K .......... .......... .......... .......... .......... 4.12M
   500K .......... .......... .......... .......... .......... 1.88M
   550K .......... .......... .......... .......... .......... 12.5M
   600K .......... .......... .......... .......... .......... 3.18M
   650K .......... .......... .......... .......... .......... 7.67M
   700K .......... .......... .......... .......... .......... 1.71M
   750K .......... .......... .......... .......... .......... 12.0M
   800K .......... .......... .......... .......... .......... 3.95M
   850K .......... .......... .......... .......... .......... 2.84M
   900K .......... .......... .......... .......... .......... 2.61M
   950K .......... .......... .......... .......... .......... 3.46M
  1000K .......... .......... .......... .......... .......... 9.14M
  1050K .......... .......... .......... .......... .......... 1.64M
  1100K .......... ........                                    7.37M=0.5s

2016-02-10 18:29:54 (2.13 MB/s) - ‘1NC0.pdb’ saved [1144935]

1NC0 contains 18 models
