--2016-02-10 18:37:40--  http://www.rcsb.org/pdb/files/2LI4.pdb
Resolving www.rcsb.org (www.rcsb.org)... 128.6.70.10
Connecting to www.rcsb.org (www.rcsb.org)|128.6.70.10|:80... connected.
HTTP request sent, awaiting response... 200 OK
Length: unspecified [text/plain]
Saving to: ‘2LI4.pdb’

     0K .......... .......... .......... .......... ..........  495K
    50K .......... .......... .......... .......... ..........  862K
   100K .......... .......... .......... .......... .......... 1.36M
   150K .......... .......... .......... .......... ..........  600K
   200K .......... .......... .......... .......... .......... 1.11M
   250K .......... .......... .......... .......... .......... 5.95M
   300K .......... .......... .......... .......... .......... 1.53M
   350K .......... .......... .......... .......... .......... 4.92M
   400K .......... .......... .......... .......... .......... 1.74M
   450K .......... .......... .......... .......... .......... 3.25M
   500K .......... .......... .......... .......... .......... 3.00M
   550K .......... .......... .......... .......... .......... 2.25M
   600K .......... .......... .......... .......... .......... 6.73M
   650K .......... .......... .......... .......... .......... 8.68M
   700K .......... .......... .......... .......... .......... 1.97M
   750K .......... .......... .......... .......... .......... 2.41M
   800K .......... .......... .......... .......... .......... 5.17M
   850K .......... .......... .......... .......... .......... 4.74M
   900K .......... .......... .......... .......... .......... 2.08M
   950K .......... .......... .......... .......... .......... 8.91M
  1000K .......... .......... .......... .......... .......... 7.32M
  1050K .......... .......... .......... .......... .......... 3.74M
  1100K .......... .......... .......... .......... ..........  846K
  1150K .......... .......... .......... .......... .......... 6.98M
  1200K .......... .......... .......... .......... .......... 4.15M
  1250K .......... .......... .......... .......... .......... 4.05M
  1300K .......... .......... .......... .......... .......... 1.93M
  1350K .......... .......... .......... .......... .......... 3.70M
  1400K .......... .......... .......... .......... .......... 4.57M
  1450K .......... .......... .......... .......... .......... 2.46M
  1500K .......... .......... .......... .......... .......... 6.62M
  1550K .......... .......... .......... .......... ..........  813K
  1600K .......... .......... .......... ........              11.3M=0.8s

2016-02-10 18:37:41 (1.97 MB/s) - ‘2LI4.pdb’ saved [1677429]

2LI4 contains 20 models
