--2016-02-10 18:38:24--  http://www.rcsb.org/pdb/files/2M12.pdb
Resolving www.rcsb.org (www.rcsb.org)... 128.6.70.10
Connecting to www.rcsb.org (www.rcsb.org)|128.6.70.10|:80... connected.
HTTP request sent, awaiting response... 200 OK
Length: unspecified [text/plain]
Saving to: ‘2M12.pdb’

     0K .......... .......... .......... .......... ..........  358K
    50K .......... .......... .......... .......... .......... 1021K
   100K .......... .......... .......... .......... ..........  964K
   150K .......... .......... .......... .......... .......... 1.95M
   200K .......... .......... .......... .......... .......... 1.15M
   250K .......... .......... .......... .......... .......... 2.95M
   300K .......... .......... .......... .......... .......... 1.71M
   350K .......... .......... .......... .......... .......... 3.12M
   400K .......... .......... .......... .......... .......... 1.32M
   450K .......... .......... .......... .......... .......... 3.09M
   500K .......... .......... .......... .......... .......... 1.84M
   550K .......... .......... .......... .......... .......... 1.10M
   600K                                                        3.64M=0.5s

2016-02-10 18:38:25 (1.19 MB/s) - ‘2M12.pdb’ saved [614709]

2M12 contains 10 models
