--2016-02-10 18:37:27--  http://www.rcsb.org/pdb/files/2K65.pdb
Resolving www.rcsb.org (www.rcsb.org)... 128.6.70.10
Connecting to www.rcsb.org (www.rcsb.org)|128.6.70.10|:80... connected.
HTTP request sent, awaiting response... 200 OK
Length: unspecified [text/plain]
Saving to: ‘2K65.pdb’

     0K .......... .......... .......... .......... ..........  504K
    50K .......... .......... .......... .......... ..........  993K
   100K .......... .......... .......... .......... .......... 1.28M
   150K .......... .......... .......... .......... ..........  868K
   200K .......... .......... .......... .......... .......... 7.97M
   250K .......... .......... .......... .......... .......... 1.16M
   300K .......... .......... .......... .......... .......... 4.08M
   350K .......... .......... .......... .......... .......... 1.41M
   400K .......... .......... .......... .......... .......... 4.21M
   450K .......... .......... .......... .......... .......... 5.77M
   500K .......... .......... .......... .......... .......... 1.39M
   550K .......... .......... .......... .......... .......... 12.7M
   600K .......... .......... .......... .......... .......... 4.08M
   650K .......... .......... .......... .......... .......... 1.71M
   700K .......... .......... .......... ..                    3.15M=0.4s

2016-02-10 18:37:28 (1.59 MB/s) - ‘2K65.pdb’ saved [750141]

2K65 contains 20 models
