--2016-02-10 18:34:17--  http://www.rcsb.org/pdb/files/2LK3.pdb
Resolving www.rcsb.org (www.rcsb.org)... 128.6.70.10
Connecting to www.rcsb.org (www.rcsb.org)|128.6.70.10|:80... connected.
HTTP request sent, awaiting response... 200 OK
Length: unspecified [text/plain]
Saving to: ‘2LK3.pdb’

     0K .......... .......... .......... .......... ..........  476K
    50K .......... .......... .......... .......... .......... 1.08M
   100K .......... .......... .......... .......... .......... 1.36M
   150K .......... .......... .......... .......... .......... 1.13M
   200K .......... .......... .......... .......... .......... 1.28M
   250K .......... .......... .......... .......... .......... 1.32M
   300K .......... .......... .......... .......... .......... 1.21M
   350K .......... .......... .......... .......... .......... 1.32M
   400K .......... .......... .......... .......... .......... 1.28M
   450K .......... .......... .......... .......... .......... 1.86M
   500K .......... .......... .......... .......... .......... 2.93M
   550K .......... .......... .......... .......... .......... 1.04M
   600K .......... .......... ...                              10.8M=0.5s

2016-02-10 18:34:18 (1.19 MB/s) - ‘2LK3.pdb’ saved [638685]

2LK3 contains 10 models
