--2016-02-10 18:33:30--  http://www.rcsb.org/pdb/files/2LDT.pdb
Resolving www.rcsb.org (www.rcsb.org)... 128.6.70.10
Connecting to www.rcsb.org (www.rcsb.org)|128.6.70.10|:80... connected.
HTTP request sent, awaiting response... 200 OK
Length: unspecified [text/plain]
Saving to: ‘2LDT.pdb’

     0K .......... .......... .......... .......... ..........  669K
    50K .......... .......... .......... .......... ..........  695K
   100K .......... .......... .......... .......... .......... 1.05M
   150K .......... .......... .......... .......... .......... 1.17M
   200K .......... .......... .......... .......... ..........  868K
   250K .......... .......... .......... .......... .......... 1.02M
   300K .......... .......... .......... .......... .......... 1.35M
   350K .......... .......... .......... .......... .......... 1.11M
   400K .......... .......... .......... .......... .......... 1019K
   450K .......... .......... .......... .......... .......... 1.68M
   500K .......... .......... .......... .......... .......... 1.46M
   550K .......... .......... .......... .......... .......... 1.87M
   600K .......... .......... .......... .......... .......... 1.75M
   650K .......... .......... .......... .......... .......... 1.38M
   700K .......... .......... .......... .......... .......... 2.43M
   750K .......... .......... .......... .......... .......... 1.51M
   800K .......... .......... .......... .......... .......... 1.61M
   850K .......... .......... .......... .......... .......... 1.54M
   900K .......... .......... .......... .......... .......... 1.19M
   950K .......... .......... .......... .......... .......... 1.31M
  1000K .......... .......... .......... .......... .......... 5.36M
  1050K                                                        1.46K=0.8s

2016-02-10 18:33:32 (1.24 MB/s) - ‘2LDT.pdb’ saved [1075275]

2LDT contains 13 models
