--2016-02-10 18:38:17--  http://www.rcsb.org/pdb/files/2LX1.pdb
Resolving www.rcsb.org (www.rcsb.org)... 128.6.70.10
Connecting to www.rcsb.org (www.rcsb.org)|128.6.70.10|:80... connected.
HTTP request sent, awaiting response... 200 OK
Length: unspecified [text/plain]
Saving to: ‘2LX1.pdb’

     0K .......... .......... .......... .......... ..........  468K
    50K .......... .......... .......... .......... .......... 1.09M
   100K .......... .......... .......... .......... .......... 1.32M
   150K .......... .......... .......... .......... .......... 1.31M
   200K .......... .......... .......... .......... .......... 1.06M
   250K .......... .......... .......... .......... .......... 2.17M
   300K .......... .......... .......... .......... .......... 2.07M
   350K .......... .......... .......... .......... .......... 2.99M
   400K .......... .......... .......... .......... .......... 2.22M
   450K .......... .......... .......... .......... .......... 3.15M
   500K .......... .......... .......... .......... .......... 3.28M
   550K .......... .......... .......... .......... .......... 1.97M
   600K .......... .......... .......... .......... .......... 12.4M
   650K .......... .......... .......... .......... .......... 4.14M
   700K .......... .......... .......... .......... .......... 7.57M
   750K .......... .......... .......... .......... .......... 1.82M
   800K .......... .......... .......... .......... .......... 3.46M
   850K .......... .......... .......... .......... .......... 3.82M
   900K .......... .......... .......... .......... .......... 9.30M
   950K .......... .......... .......... .......... .......... 2.49M
  1000K .......... .......... .......... .......... .......... 3.64M
  1050K .......... .......... .......... .......... .....      5.32M=0.5s

2016-02-10 18:38:18 (2.00 MB/s) - ‘2LX1.pdb’ saved [1122012]

2LX1 contains 19 models
