--2016-02-10 18:42:51--  http://www.rcsb.org/pdb/files/2QH2.pdb
Resolving www.rcsb.org (www.rcsb.org)... 128.6.70.10
Connecting to www.rcsb.org (www.rcsb.org)|128.6.70.10|:80... connected.
HTTP request sent, awaiting response... 200 OK
Length: unspecified [text/plain]
Saving to: ‘2QH2.pdb’

     0K .......... .......... .......... .......... ..........  468K
    50K .......... .......... .......... .......... .......... 1.00M
   100K .......... .......... .......... .......... .......... 1.47M
   150K .......... .......... .......... .......... .......... 1.18M
   200K .......... .......... .......... .......... .......... 1.22M
   250K .......... .......... .......... .......... .......... 2.18M
   300K .......... .......... .......... .......... .......... 2.16M
   350K .......... .......... .......... .......... .......... 1.53M
   400K .......... .......... .......... .......... .......... 1.84M
   450K .......... .......... .......... .......... .......... 1.20M
   500K .......... .......... .......... .......... .......... 2.31M
   550K .......... .......... .......... .......... .......... 1.98M
   600K .......... .......... .......... .......... .......... 1.73M
   650K .......... .......... .......... .......... .......... 2.50M
   700K .......... .......... .......... .......... .......... 2.60M
   750K .......... .......... .......... .......... ..........  992K
   800K .......... .......... .......... .......... .......... 6.33M
   850K .......... .......... .......... .......... .......... 1.11M
   900K .......... .......... .......... .......... .......... 3.98M
   950K .......... .......... .......... .......... .......... 1.62M
  1000K .......... .......... .......... .......... .......... 3.90M
  1050K .......... .......... .......... .......... .......... 1.28M
  1100K .......... .......... .......... .......... .......... 9.36M
  1150K .......... .......... .......... .......... .......... 1.81M
  1200K .......... .......... .......... .........             2.19M=0.8s

2016-02-10 18:42:52 (1.57 MB/s) - ‘2QH2.pdb’ saved [1269189]

2QH2 contains 20 models
