--2016-02-10 18:35:19--  http://www.rcsb.org/pdb/files/2LV0.pdb
Resolving www.rcsb.org (www.rcsb.org)... 128.6.70.10
Connecting to www.rcsb.org (www.rcsb.org)|128.6.70.10|:80... connected.
HTTP request sent, awaiting response... 200 OK
Length: unspecified [text/plain]
Saving to: ‘2LV0.pdb’

     0K .......... .......... .......... .......... ..........  318K
    50K .......... .......... .......... .......... ..........  498K
   100K .......... .......... .......... .......... ..........  809K
   150K .......... .......... .......... .......... ..........  857K
   200K .......... .......... .......... .......... ..........  974K
   250K .......... .......... .......... .......... .......... 3.41M
   300K .......... .......... .......... .......... .......... 1.17M
   350K .......... .......... .......... .......... ..........  840K
   400K .......... .......... .......... .......... .......... 1.19M
   450K .......... .......... .......... .......... ..........  905K
   500K .......... .......... .......... .......... .......... 3.61M
   550K .......... .......... .......... .......... ..........  558K
   600K .......... .......... .......... .......... .......... 3.38M
   650K .......... .......... .......... ........              1.12M=0.8s

2016-02-10 18:35:20 (869 KB/s) - ‘2LV0.pdb’ saved [704862]

2LV0 contains 11 models
