--2016-02-10 18:42:19--  http://www.rcsb.org/pdb/files/1ZC5.pdb
Resolving www.rcsb.org (www.rcsb.org)... 128.6.70.10
Connecting to www.rcsb.org (www.rcsb.org)|128.6.70.10|:80... connected.
HTTP request sent, awaiting response... 200 OK
Length: unspecified [text/plain]
Saving to: ‘1ZC5.pdb’

     0K .......... .......... .......... .......... ..........  457K
    50K .......... .......... .......... .......... ..........  737K
   100K .......... .......... .......... .......... ..........  966K
   150K .......... .......... .......... .......... .......... 1.34M
   200K .......... .......... .......... .......... .......... 1.12M
   250K .......... .......... .......... .......... .......... 1.59M
   300K .......... .......... .......... .......... .......... 2.41M
   350K .......... .......... .......... .......... .......... 1.01M
   400K .......... .......... .......... .......... .......... 2.89M
   450K .......... .......... .......... .......... .......... 2.07M
   500K .......... .......... .......... .......... .......... 1.27M
   550K .......... .......... .......... .......... .......... 1.42M
   600K .......... .......... .......... .......... .......... 4.46M
   650K .......... .......... .......... .......... .......... 1.20M
   700K .......... .......... .......... .......... .......... 4.06M
   750K .......... .......... .......... .......... .......... 1.26M
   800K .......... .......... .......... .......... .......... 4.45M
   850K .......... .......... .......... .......... .......... 1.51M
   900K .......... .......... .......... .......... .......... 1.01M
   950K .......... .......... .......... .......... .......... 6.73M
  1000K .......... .......... .......... .......... .......... 1.47M
  1050K .......... .......... .......... .......... .......... 2.36M
  1100K .......... .......... .......... .......... .......... 3.11M
  1150K .......... .......... .......... .......... .......... 2.04M
  1200K .......... .......... .......... .......... .......... 3.88M
  1250K .......... .......... .......... .......... .......... 1.22M
  1300K .......... .......... .......... .......... .......... 8.58M
  1350K .......... .......... .......... .......... .......... 1.76M
  1400K .......... .......... .......... .......... .......... 3.65M
  1450K .......... .......... .......... .......... .......... 1.76M
  1500K .......... .......... .......... .......... .......... 5.01M
  1550K .......... .......... .......... .......... .......... 1.76M
  1600K .......... .......... .......... .......... .......... 7.57M
  1650K .......... .......... .......... .......... .......... 1.76M
  1700K .......... .......... .......... .......... .......... 4.19M
  1750K .......... .......... .......... .......... .......... 6.73M
  1800K .......... .......... .......... .......... .......... 1.31M
  1850K .......... .......... .......... .......... .......... 10.3M
  1900K .......... .......... .......... .......... .......... 1.52M
  1950K .......... .......... .......... .......... .......... 3.97M
  2000K .......... .......... .......... .......... .......... 7.45M
  2050K .......... .......... .......... .......... .......... 1.99M
  2100K .......... .......... ..                               1.99M=1.2s

2016-02-10 18:42:20 (1.78 MB/s) - ‘1ZC5.pdb’ saved [2173716]

1ZC5 contains 20 models
