--2016-02-10 18:31:43--  http://www.rcsb.org/pdb/files/2FDT.pdb
Resolving www.rcsb.org (www.rcsb.org)... 128.6.70.10
Connecting to www.rcsb.org (www.rcsb.org)|128.6.70.10|:80... connected.
HTTP request sent, awaiting response... 200 OK
Length: unspecified [text/plain]
Saving to: ‘2FDT.pdb’

     0K .......... .......... .......... .......... ..........  505K
    50K .......... .......... .......... .......... ..........  542K
   100K .......... .......... .......... .......... .......... 1.11M
   150K .......... .......... .......... .......... .......... 1.28M
   200K .......... .......... .......... .......... .......... 1.36M
   250K .......... .......... .......... .......... ..........  899K
   300K .......... .......... .......... .......... .......... 1.29M
   350K .......... .......... .......... .......... .......... 1.17M
   400K .......... .......... .......... .......... .......... 1.38M
   450K .......... .......... .......... .......... .......... 1.11M
   500K .......... .......... .......... .......... .......... 3.57M
   550K .......... .......... .......... .......... .......... 1.38M
   600K .......... .......... .......... .......... ..........  932K
   650K .......... .......... .......... .......... .......... 1.48M
   700K .......... .......... .......... .......... .......... 4.72M
   750K .......... .......... .......... .......... .......... 1.20M
   800K .......... .......... .......... .......... .......... 2.30M
   850K .......... .......... .......... .......... .......... 2.17M
   900K .......... .......... .......... .......... .......... 1.71M
   950K .......... .......... .......... .......... .......... 1.66M
  1000K .......... .......... ....                             4.32M=0.8s

2016-02-10 18:31:44 (1.22 MB/s) - ‘2FDT.pdb’ saved [1048869]

2FDT contains 11 models
