--2016-02-10 18:36:53--  http://www.rcsb.org/pdb/files/2K63.pdb
Resolving www.rcsb.org (www.rcsb.org)... 128.6.70.10
Connecting to www.rcsb.org (www.rcsb.org)|128.6.70.10|:80... connected.
HTTP request sent, awaiting response... 200 OK
Length: unspecified [text/plain]
Saving to: ‘2K63.pdb’

     0K .......... .......... .......... .......... ..........  486K
    50K .......... .......... .......... .......... ..........  978K
   100K .......... .......... .......... .......... .......... 1.01M
   150K .......... .......... .......... .......... ..........  922K
   200K .......... .......... .......... .......... ..........  901K
   250K .......... .......... .......... .......... .......... 1.13M
   300K .......... .......... .......... .......... .......... 8.61M
   350K .......... .......... .......... .......... .......... 1.01M
   400K .......... .......... .......... .......... .......... 9.48M
   450K .......... .......... .......... .......... .......... 2.56M
   500K .......... .......... .......... .......... .......... 1.24M
   550K .......... .......... .......... .......... .......... 6.31M
   600K .......... .......... .......... .......... .......... 1.98M
   650K .......... .......... .......... .......... .......... 4.78M
   700K .......... .......... .......... .......... .......... 2.68M
   750K .......... .......... .......... .......... .......... 3.79M
   800K .......... .......... .......... .......... .......... 3.83M
   850K .......... .......... .......... .......... .......... 8.86M
   900K .......... .......... .......... .......... .......... 3.27M
   950K .......... .......... .......... .......... .......... 1.63M
  1000K .......... .......... .......... .......... .......... 9.23M
  1050K .......... .......... .......... .......... .......... 6.80M
  1100K .......... .......... .......... .......... .......... 2.17M
  1150K .......... .......... .......... .......... .......... 5.57M
  1200K .......... .......... .......... .......... .......... 3.48M
  1250K .......... .......... .......... .......... .......... 3.25M
  1300K .......... .......... .......... .......... .......... 2.20M
  1350K .......... .......... .......... .......... .......... 7.54M
  1400K .......... .......... .......... .......... .......... 3.69M
  1450K .......... .......... .......... .......... ...        3.42M=0.7s

2016-02-10 18:36:54 (1.98 MB/s) - ‘2K63.pdb’ saved [1529523]

2K63 contains 20 models
