--2016-02-10 18:31:30--  http://www.rcsb.org/pdb/files/1YSV.pdb
Resolving www.rcsb.org (www.rcsb.org)... 128.6.70.10
Connecting to www.rcsb.org (www.rcsb.org)|128.6.70.10|:80... connected.
HTTP request sent, awaiting response... 200 OK
Length: unspecified [text/plain]
Saving to: ‘1YSV.pdb’

     0K .......... .......... .......... .......... ..........  497K
    50K .......... .......... .......... .......... ..........  707K
   100K .......... .......... .......... .......... ..........  998K
   150K .......... .......... .......... .......... .......... 1.07M
   200K .......... .......... .......... .......... ..........  860K
   250K .......... .......... .......... .......... .......... 1011K
   300K .......... .......... .......... .......... .......... 1.41M
   350K .......... .......... .......... .......... .......... 1.12M
   400K .......... .......... .......... .......... .......... 1.29M
   450K .......... .......... .......... .......... .......... 1001K
   500K .......... .......... .......... .......... .......... 3.04M
   550K .......... .......... .......... .......... .......... 1.37M
   600K .......... .......... .......... .......... .......... 1.18M
   650K .......... .......... .......... .......... ..........  879K
   700K .......... .......... .......... .......... .......... 4.03M
   750K .......... .......... .......... .......... ..........  820K
   800K .......... .......... .......... .......... .......... 1.09M
   850K .......... .......... .......... .......... .......... 4.54M
   900K .......... .                                            369K=0.9s

2016-02-10 18:31:31 (1.05 MB/s) - ‘1YSV.pdb’ saved [933444]

1YSV contains 13 models
