--2016-02-10 18:31:19--  http://www.rcsb.org/pdb/files/1UUU.pdb
Resolving www.rcsb.org (www.rcsb.org)... 128.6.70.10
Connecting to www.rcsb.org (www.rcsb.org)|128.6.70.10|:80... connected.
HTTP request sent, awaiting response... 200 OK
Length: unspecified [text/plain]
Saving to: ‘1UUU.pdb’

     0K .......... .......... .......... .......... ..........  488K
    50K .......... .......... .......... .......... .......... 1.11M
   100K .......... .......... .......... .......... .......... 1.03M
   150K .......... .......... .......... .......... .......... 1.14M
   200K .......... .......... .......... .......... .......... 1.14M
   250K .......... .......... .......... .......... ..........  815K
   300K .......... .......... .......... .......... .......... 1.18M
   350K .......... .......... .......... .......... ..........  818K
   400K .......... .......... .......... .......... ..........  132K
   450K .......... .......... .......... .......... .......... 79.3M
   500K .......... .......... .......... .......... ..........  499K
   550K .......... .......... .......... .......... ..........  407K
   600K .......... .......... .......... .......... ..........  975K
   650K .......... .......... .......... .......... .......... 1.14M
   700K .......... .......... .......... .......... .          1.16M=1.2s

2016-02-10 18:31:21 (632 KB/s) - ‘1UUU.pdb’ saved [759780]

1UUU contains 15 models
