--2016-02-10 18:37:31--  http://www.rcsb.org/pdb/files/2K66.pdb
Resolving www.rcsb.org (www.rcsb.org)... 128.6.70.10
Connecting to www.rcsb.org (www.rcsb.org)|128.6.70.10|:80... connected.
HTTP request sent, awaiting response... 200 OK
Length: unspecified [text/plain]
Saving to: ‘2K66.pdb’

     0K .......... .......... .......... .......... ..........  322K
    50K .......... .......... .......... .......... ..........  675K
   100K .......... .......... .......... .......... .......... 1.27M
   150K .......... .......... .......... .......... .......... 1.37M
   200K .......... .......... .......... .......... .......... 1.53M
   250K .......... .......... .......... .......... .......... 1.84M
   300K .......... .......... .......... .......... .......... 2.42M
   350K .......... .......... .......... .......... .......... 2.10M
   400K .......... .......... .......... .......... .......... 2.48M
   450K .......... .......... .......... .......... .......... 2.29M
   500K .......... .......... .......... .......... .......... 2.14M
   550K .......... .......... .......... .......... .......... 1.80M
   600K .......... .......... .......... .......... .......... 9.35M
   650K .......... .......... .......... .......... .......... 1.98M
   700K .......... .......... .......... .......... .......... 1.23M
   750K .......... .......... .......... .......... .......... 2.76M
   800K .......... .......... .......... .......... .......... 12.7M
   850K .......... .......... .......... .......... .......... 3.99M
   900K .......... .......... .......... .......... .......... 2.01M
   950K .......... .......... .......... .......... .......... 5.41M
  1000K .......... .......... .......... .......... .......... 7.06M
  1050K .......... .......... .......... .......... .......... 6.78M
  1100K .......... .......... .......... .......... ...        1.54M=0.7s

2016-02-10 18:37:31 (1.65 MB/s) - ‘2K66.pdb’ saved [1171422]

2K66 contains 20 models
