--2016-02-10 18:38:38--  http://www.rcsb.org/pdb/files/2M22.pdb
Resolving www.rcsb.org (www.rcsb.org)... 128.6.70.10
Connecting to www.rcsb.org (www.rcsb.org)|128.6.70.10|:80... connected.
HTTP request sent, awaiting response... 200 OK
Length: unspecified [text/plain]
Saving to: ‘2M22.pdb’

     0K .......... .......... .......... .......... ..........  441K
    50K .......... .......... .......... .......... .......... 1.17M
   100K .......... .......... .......... .......... .......... 1.09M
   150K .......... .......... .......... .......... .......... 1.40M
   200K .......... .......... .......... .......... .......... 1.77M
   250K .......... .......... .......... .......... .......... 1.12M
   300K .......... .......... .......... .......... .......... 1.59M
   350K .......... .......... .......... .......... .......... 3.76M
   400K .......... .......... .......... .......... .......... 1.28M
   450K .......... .......... .......... .......... .......... 8.93M
   500K .......... .......... .......... .......... .......... 1.37M
   550K .......... .......... .......... .......... .......... 7.55M
   600K .......... .......... .......... .......... .......... 1.41M
   650K .......... .......... .......... .......... .......... 4.75M
   700K .......... .......... .......... .......... .......... 1.51M
   750K .......... .......... .......... .......... .......... 3.57M
   800K .......... .......... .......... .......... .......... 2.01M
   850K .......... .......... .......... .......... .......... 4.24M
   900K .......... .......... .......... .......... .......... 1.96M
   950K .......... .......... .......... .......... .......... 1.00M
  1000K .......... .......... .......... .......... .......... 10.9M
  1050K .......... .......... .......... .......... .......... 1.78M
  1100K .......... .......... .......... .......... .......... 6.96M
  1150K .......... .......... .......... ........              1.86M=0.7s

2016-02-10 18:38:39 (1.67 MB/s) - ‘2M22.pdb’ saved [1216863]

2M22 contains 20 models
