--2016-02-10 18:29:25--  http://www.rcsb.org/pdb/files/1LDZ.pdb
Resolving www.rcsb.org (www.rcsb.org)... 128.6.70.10
Connecting to www.rcsb.org (www.rcsb.org)|128.6.70.10|:80... connected.
HTTP request sent, awaiting response... 200 OK
Length: unspecified [text/plain]
Saving to: ‘1LDZ.pdb’

     0K .......... .......... .......... .......... ..........  740K
    50K .......... .......... .......... .......... ..........  705K
   100K .......... .......... .......... .......... .......... 1.50M
   150K .......... .......... .......... .......... .......... 1.36M
   200K .......... .......... .......... .......... .......... 1.52M
   250K .......... .......... .......... .......... .......... 1.80M
   300K .......... .......... .......... .......... .......... 2.43M
   350K .......... .......... .......... .......... .......... 2.61M
   400K .......... .......... .......... .......... .......... 1.94M
   450K .......... .......... .......... .......... .......... 1.61M
   500K .......... .......... .......... .......... .......... 5.35M
   550K .......... .......... .......... .......... .......... 6.17M
   600K .......... .......... .......... .......... .......... 1.72M
   650K .......... .......... .......... .......... .......... 1.66M
   700K .......... .......... .......... .......... .......... 7.22M
   750K .......... .......... .......... .......... .......... 2.37M
   800K .......... .......... .......... .......... .......... 4.34M
   850K .......... .......... .......... .......... .......... 10.9M
   900K .......... .......... .......... .......... .......... 5.50M
   950K .......... .......... .......... .......... .......... 2.61M
  1000K .......... .......... .......... .......... .......... 1010K
  1050K .......... .......... .......... .......... .......... 4.82M
  1100K .......... .......... .......... .......... .......... 7.12M
  1150K .......... .......... .......... .......... .......... 6.31M
  1200K .......... .......... .......... .......... .......... 2.51M
  1250K .......... .......... .......... .......... .......... 4.42M
  1300K .......... .......... .......... .......... .......... 2.71M
  1350K .......... .......... .......... .......... .......... 3.96M
  1400K .......... .......... .......... .......... .......... 5.80M
  1450K .......... .......... .......... .......... .......... 3.18M
  1500K .......... .......... .......... .......... .......... 4.14M
  1550K .......... .......... .......... .......... .......... 3.57M
  1600K .......... .......... .......... .......... .......... 2.70M
  1650K .......... .......... .......... .......... .......... 5.10M
  1700K .......... .......... .......... .......... .......... 3.50M
  1750K .......... .......... .......... .......... .......... 3.62M
  1800K .......... .......... .......... .......... .......... 3.38M
  1850K .......... .......... .......... .......... .......... 3.01M
  1900K .......... .......... .......... .......... .......... 4.41M
  1950K ...                                                    13.3M=0.8s

2016-02-10 18:29:26 (2.42 MB/s) - ‘1LDZ.pdb’ saved [2000862]

1LDZ contains 25 models
