--2016-02-10 18:33:20--  http://www.rcsb.org/pdb/files/2LDL.pdb
Resolving www.rcsb.org (www.rcsb.org)... 128.6.70.10
Connecting to www.rcsb.org (www.rcsb.org)|128.6.70.10|:80... connected.
HTTP request sent, awaiting response... 200 OK
Length: unspecified [text/plain]
Saving to: ‘2LDL.pdb’

     0K .......... .......... .......... .......... ..........  526K
    50K .......... .......... .......... .......... ..........  921K
   100K .......... .......... .......... .......... ..........  818K
   150K .......... .......... .......... .......... ..........  766K
   200K .......... .......... .......... .......... .......... 1005K
   250K .......... .......... .......... .......... .......... 1.31M
   300K .......... .......... .......... .......... .......... 1005K
   350K .......... .......... .......... .......... .......... 1.05M
   400K .......... .......... .......... .......... ..........  943K
   450K .......... .......... .......... .......... .......... 1.20M
   500K .......... .......... .......... .......... .......... 1.48M
   550K .......... .......... .......... .......... .......... 1.59M
   600K .......... .......... .......... .......... .......... 1.69M
   650K .......... .......... .......... .......... .......... 1.86M
   700K .......... .......... .......... .......... .......... 1.26M
   750K .......... .......... .......... .......... .......... 1.27M
   800K .......... .......... .......... ..                    2.37M=0.8s

2016-02-10 18:33:21 (1.07 MB/s) - ‘2LDL.pdb’ saved [852687]

2LDL contains 12 models
