--2016-02-10 18:35:09--  http://www.rcsb.org/pdb/files/2LUB.pdb
Resolving www.rcsb.org (www.rcsb.org)... 128.6.70.10
Connecting to www.rcsb.org (www.rcsb.org)|128.6.70.10|:80... connected.
HTTP request sent, awaiting response... 200 OK
Length: unspecified [text/plain]
Saving to: ‘2LUB.pdb’

     0K .......... .......... .......... .......... ..........  647K
    50K .......... .......... .......... .......... ..........  600K
   100K .......... .......... .......... .......... .......... 1.04M
   150K .......... .......... .......... .......... .......... 1.29M
   200K .......... .......... .......... .......... .......... 1.40M
   250K .......... .......... .......... .......... .......... 1.78M
   300K .......... .......... .......... .......... .......... 1.64M
   350K .......... .......... .......... .......... .......... 1.19M
   400K .......... .......... .......... .......... .......... 1.12M
   450K .......... .......... .......... .......... .......... 2.98M
   500K .......... .......... .......... .......... .......... 1.16M
   550K .......... .......... .......... .......... .......... 1.49M
   600K .......... .......... .......... .......... .......... 1.74M
   650K .......... .......... .......... .......... .......... 1.24M
   700K .......... .......... .......... .......... .......... 9.63M
   750K .......... .......... .......... .......... .......... 1.19M
   800K .......... .......... .......... .......... .......... 1.39M
   850K .......... .......... .......... .......... .......... 3.00M
   900K .......... .......... .......... .......... .......... 2.14M
   950K ........                                               20.7M=0.7s

2016-02-10 18:35:10 (1.33 MB/s) - ‘2LUB.pdb’ saved [981153]

2LUB contains 10 models
