--2016-02-10 18:42:08--  http://www.rcsb.org/pdb/files/1XHP.pdb
Resolving www.rcsb.org (www.rcsb.org)... 128.6.70.10
Connecting to www.rcsb.org (www.rcsb.org)|128.6.70.10|:80... connected.
HTTP request sent, awaiting response... 200 OK
Length: unspecified [text/plain]
Saving to: ‘1XHP.pdb’

     0K .......... .......... .......... .......... ..........  483K
    50K .......... .......... .......... .......... ..........  960K
   100K .......... .......... .......... .......... ..........  745K
   150K .......... .......... .......... .......... .......... 1.12M
   200K .......... .......... .......... .......... .......... 1.01M
   250K .......... .......... .......... .......... ..........  996K
   300K .......... .......... .......... .......... .......... 3.18M
   350K .......... .......... .......... .......... .......... 1.03M
   400K .......... .......... .......... .......... .......... 1.11M
   450K .......... .......... .......... .......... .......... 3.53M
   500K .......... .......... .......... .......... .......... 1.02M
   550K .......... .......... .......... .......... .......... 1.19M
   600K .......... .......... .......... .......... .......... 4.20M
   650K .......... .......... .......... .......... .......... 1.00M
   700K .......... .......... .......... .......... .......... 10.1M
   750K .......... .......... .......... .......... ..........  932K
   800K .......... .......... ....                             30.5M=0.7s

2016-02-10 18:42:09 (1.16 MB/s) - ‘1XHP.pdb’ saved [843858]

1XHP contains 10 models
