--2016-02-10 18:31:54--  http://www.rcsb.org/pdb/files/2GM0.pdb
Resolving www.rcsb.org (www.rcsb.org)... 128.6.70.10
Connecting to www.rcsb.org (www.rcsb.org)|128.6.70.10|:80... connected.
HTTP request sent, awaiting response... 200 OK
Length: unspecified [text/plain]
Saving to: ‘2GM0.pdb’

     0K .......... .......... .......... .......... ..........  726K
    50K .......... .......... .......... .......... ..........  665K
   100K .......... .......... .......... .......... .......... 1.29M
   150K .......... .......... .......... .......... ..........  749K
   200K .......... .......... .......... .......... .......... 1.05M
   250K .......... .......... .......... .......... ..........  734K
   300K .......... .......... .......... .......... ..........  997K
   350K .......... .......... .......... .......... ..........  831K
   400K .......... .......... .......... .......... .......... 1.26M
   450K .......... .......... .......... .......... .......... 1.29M
   500K .......... .......... .......... .......... .......... 1.76M
   550K .......... .......... .......... .......... .......... 3.32M
   600K .......... .......... .......... .......... .......... 1.27M
   650K .......... .......... .......... .......... .......... 1.91M
   700K .......... .......... .......... .......... .......... 2.36M
   750K .......... .......... .......... .......... .......... 1.44M
   800K .......... .......... .......... .......... .......... 1.00M
   850K .......... .......... .......... .......... .......... 8.48M
   900K .......... .......... .......... .......... .......... 1.84M
   950K .......... .......... .......... .......... .......... 1.60M
  1000K .......... .......... .......... .......... .......... 3.98M
  1050K .......... .......... .......... .......... .......... 1.27M
  1100K .......... .......... .......... .......... .......... 1.13M
  1150K .......... .......... .......... .......... .......... 6.86M
  1200K .......... .......... .......... .......... .......... 1.44M
  1250K .......... .......... .......... .......... .......... 1.77M
  1300K .......... .......... .......... .......... .......... 3.37M
  1350K .......... .......... .......... .......... .......... 1.34M
  1400K .......... .......... .......... .......... .......... 8.25M
  1450K .......... .......... .......... .......... .......... 1.24M
  1500K .......... .......... .......... .......... .......... 5.33M
  1550K .......... .......... .......... .......... .......... 1.47M
  1600K .......... .......... .......... .......... .......... 1.61M
  1650K .......... .......... .......... .......... .......... 6.10M
  1700K .......... .......... .......... .......... .......... 1.22M
  1750K .......... .......... .......... .......... .......... 9.32M
  1800K .......... .                                           3.06M=1.2s

2016-02-10 18:31:56 (1.46 MB/s) - ‘2GM0.pdb’ saved [1855062]

2GM0 contains 10 models
