--2016-02-10 18:36:42--  http://www.rcsb.org/pdb/files/2JWV.pdb
Resolving www.rcsb.org (www.rcsb.org)... 128.6.70.10
Connecting to www.rcsb.org (www.rcsb.org)|128.6.70.10|:80... connected.
HTTP request sent, awaiting response... 200 OK
Length: unspecified [text/plain]
Saving to: ‘2JWV.pdb’

     0K .......... .......... .......... .......... ..........  491K
    50K .......... .......... .......... .......... ..........  646K
   100K .......... .......... .......... .......... .......... 1.29M
   150K .......... .......... .......... .......... .......... 1.29M
   200K .......... .......... .......... .......... ..........  837K
   250K .......... .......... .......... .......... .......... 10.7M
   300K .......... .......... .......... .......... .......... 1.22M
   350K .......... .......... .......... .......... .......... 4.02M
   400K .......... .......... .......... .......... .......... 1.24M
   450K .......... .......... .......... .......... .......... 6.56M
   500K .......... .......... .......... .......... .......... 1.23M
   550K .......... .......... .......... .......... .......... 12.0M
   600K .......... .......... .......... .......... .......... 4.62M
   650K .......... .......... .......... .......... .......... 1.46M
   700K .......... .......... .......... .......... ......     3.65M=0.5s

2016-02-10 18:36:43 (1.41 MB/s) - ‘2JWV.pdb’ saved [764721]

2JWV contains 10 models
