--2016-02-10 18:41:45--  http://www.rcsb.org/pdb/files/2MIS.pdb
Resolving www.rcsb.org (www.rcsb.org)... 128.6.70.10
Connecting to www.rcsb.org (www.rcsb.org)|128.6.70.10|:80... connected.
HTTP request sent, awaiting response... 200 OK
Length: unspecified [text/plain]
Saving to: ‘2MIS.pdb’

     0K .......... .......... .......... .......... ..........  371K
    50K .......... .......... .......... .......... ..........  449K
   100K .......... .......... .......... .......... .......... 1.04M
   150K .......... .......... .......... .......... ..........  821K
   200K .......... .......... .......... .......... ..........  840K
   250K .......... .......... .......... .......... .......... 1.31M
   300K .......... .......... .......... .......... .......... 1.35M
   350K .......... .......... .......... .......... .......... 2.37M
   400K .......... .......... .......... .......... .......... 2.06M
   450K .......... .......... .......... .......... ..........  755K
   500K .......... .......... .......... .......... .......... 8.15M
   550K .......... .......... .......... .......... .......... 1.13M
   600K .......... .......... .......... .......... ..........  892K
   650K .......... .......... .......... .......... .......... 18.9M
   700K .......... .......... .......... .......... .......... 1.20M
   750K .......... .......... .......... .......... .......... 1.13M
   800K .......... .......... .......... .......... .......... 6.33M
   850K .......... .......... .......... .......... .......... 1.77M
   900K .......... .......... .......... .......... .......... 3.48M
   950K .......... .......... .......... .......... .......... 1.65M
  1000K .......... .......... .......... .......... .......... 2.01M
  1050K .......... .......... .......... .......... .......... 2.31M
  1100K .......... .......... .......... .......... .......... 1.94M
  1150K .......... .......... .......... .......... .......... 3.82M
  1200K .......... .......... .......... .......... .......... 1.48M
  1250K .......... .......... .......... .......... .......... 6.00M
  1300K .......... .......... .......... .......... .......... 2.12M
  1350K .......... .......... .......... .......... .......... 4.95M
  1400K .......... .......... .......... .......... .......... 1.78M
  1450K .......... .......... .......... ........              10.4M=1.1s

2016-02-10 18:41:46 (1.38 MB/s) - ‘2MIS.pdb’ saved [1523934]

2MIS contains 21 models
