--2016-02-10 18:38:09--  http://www.rcsb.org/pdb/files/2LUN.pdb
Resolving www.rcsb.org (www.rcsb.org)... 128.6.70.10
Connecting to www.rcsb.org (www.rcsb.org)|128.6.70.10|:80... connected.
HTTP request sent, awaiting response... 200 OK
Length: unspecified [text/plain]
Saving to: ‘2LUN.pdb’

     0K .......... .......... .......... .......... ..........  456K
    50K .......... .......... .......... .......... ..........  641K
   100K .......... .......... .......... .......... .......... 1.31M
   150K .......... .......... .......... .......... .......... 1.43M
   200K .......... .......... .......... .......... .......... 1.86M
   250K .......... .......... .......... .......... .......... 1.09M
   300K .......... .......... .......... .......... .......... 5.31M
   350K .......... .......... .......... .......... .......... 1.52M
   400K .......... .......... .......... .......... .......... 2.63M
   450K .......... .......... .......... .......... .......... 1.23M
   500K .......... .......... .......... .......... .......... 10.4M
   550K .......... .......... ........                         4.47M=0.4s

2016-02-10 18:38:10 (1.28 MB/s) - ‘2LUN.pdb’ saved [592515]

2LUN contains 8 models
