--2016-02-10 18:30:06--  http://www.rcsb.org/pdb/files/1OW9.pdb
Resolving www.rcsb.org (www.rcsb.org)... 128.6.70.10
Connecting to www.rcsb.org (www.rcsb.org)|128.6.70.10|:80... connected.
HTTP request sent, awaiting response... 200 OK
Length: unspecified [text/plain]
Saving to: ‘1OW9.pdb’

     0K .......... .......... .......... .......... ..........  478K
    50K .......... .......... .......... .......... ..........  921K
   100K .......... .......... .......... .......... .......... 1.18M
   150K .......... .......... .......... .......... .......... 1.70M
   200K .......... .......... .......... .......... ..........  810K
   250K .......... .......... .......... .......... .......... 1.41M
   300K .......... .......... .......... .......... .......... 6.36M
   350K .......... .......... .......... .......... .......... 1.49M
   400K .......... .......... .......... .......... .......... 7.82M
   450K .......... .......... .......... .......... .......... 1.71M
   500K .......... .......... .......... .......... .......... 5.55M
   550K .......... .......... .......... .......... .......... 3.06M
   600K .......... .......... .......... .......... .......... 2.94M
   650K .......... ..........                                  84.4M=0.4s

2016-02-10 18:30:07 (1.48 MB/s) - ‘1OW9.pdb’ saved [686394]

1OW9 contains 11 models
