--2016-02-10 18:33:00--  http://www.rcsb.org/pdb/files/2KYD.pdb
Resolving www.rcsb.org (www.rcsb.org)... 128.6.70.10
Connecting to www.rcsb.org (www.rcsb.org)|128.6.70.10|:80... connected.
HTTP request sent, awaiting response... 200 OK
Length: unspecified [text/plain]
Saving to: ‘2KYD.pdb’

     0K .......... .......... .......... .......... ..........  516K
    50K .......... .......... .......... .......... ..........  771K
   100K .......... .......... .......... .......... ..........  687K
   150K .......... .......... .......... .......... ..........  874K
   200K .......... .......... .......... .......... ..........  905K
   250K .......... .......... .......... .......... ..........  749K
   300K .......... .......... .......... .......... ..........  627K
   350K .......... .......... .......... .......... ..........  727K
   400K .......... .......... .......... .......... .......... 1.04M
   450K .......... .......... .......... .......... .......... 1.44M
   500K .......... .......... .......... .......... .......... 1.20M
   550K .......... .......... .......... .......... .......... 1.12M
   600K .......... .......... .......... .......... .......... 1.32M
   650K .......... .......... .......... .......... .......... 1.33M
   700K .......... .......... .......... .......... .......... 1.16M
   750K .......... .......... .......... .......... .......... 1.53M
   800K .......... .......... .......... .......... .......... 1.17M
   850K .......... .......... .......... .......... .......... 9.00M
   900K .......... .......... .......... .......... .......... 1.31M
   950K .......... .......... .......... .......... .......... 1.32M
  1000K .......... .......... .......... .......... .......... 1.14M
  1050K .......... .......... .......... .......... .......... 1.42M
  1100K .......... .......... .......... .......... .......... 1.32M
  1150K .......... .......... .......... .......... .......... 1.08M
  1200K .......... .......... .......... .......... .......... 3.38M
  1250K .......... .......... .......... .......... .......... 1.45M
  1300K .......... .......... .......... .......... ..........  995K
  1350K .......... .......... .......... .......... .......... 1015K
  1400K .......... .......... .......... .......... .......... 4.03M
  1450K .......... .......... .......... .......... .......... 1.23M
  1500K .......... .......... .......... .......... .......... 1.16M
  1550K .......... .......... .......... .......... .......... 9.66M
  1600K .......... .......... .......... .                      899K=1.4s

2016-02-10 18:33:02 (1.11 MB/s) - ‘2KYD.pdb’ saved [1670220]

2KYD contains 20 models
