--2016-02-10 18:38:01--  http://www.rcsb.org/pdb/files/2LQZ.pdb
Resolving www.rcsb.org (www.rcsb.org)... 128.6.70.10
Connecting to www.rcsb.org (www.rcsb.org)|128.6.70.10|:80... connected.
HTTP request sent, awaiting response... 200 OK
Length: unspecified [text/plain]
Saving to: ‘2LQZ.pdb’

     0K .......... .......... .......... .......... ..........  466K
    50K .......... .......... .......... .......... ..........  757K
   100K .......... .......... .......... .......... .......... 1.31M
   150K .......... .......... .......... .......... .......... 1.22M
   200K .......... .......... .......... .......... .......... 1.93M
   250K .......... .......... .......... .......... .......... 1.46M
   300K .......... .......... .......... .......... .......... 1.78M
   350K .......... .......... .......... .......... .......... 2.93M
   400K .......... .......... .......... .......... .......... 1.75M
   450K .......... .......... .......... .......... .......... 3.29M
   500K .......... .......... .......... .......... .......... 2.60M
   550K .......... .......... .......... .......... .......... 5.40M
   600K .......... .......... .                                2.27M=0.4s

2016-02-10 18:38:02 (1.40 MB/s) - ‘2LQZ.pdb’ saved [636903]

2LQZ contains 9 models
