--2016-02-10 18:43:16--  http://www.rcsb.org/pdb/files/2QH4.pdb
Resolving www.rcsb.org (www.rcsb.org)... 128.6.70.10
Connecting to www.rcsb.org (www.rcsb.org)|128.6.70.10|:80... connected.
HTTP request sent, awaiting response... 200 OK
Length: unspecified [text/plain]
Saving to: ‘2QH4.pdb’

     0K .......... .......... .......... .......... ..........  508K
    50K .......... .......... .......... .......... ..........  977K
   100K .......... .......... .......... .......... ..........  921K
   150K .......... .......... .......... .......... .......... 1.04M
   200K .......... .......... .......... .......... ..........  844K
   250K .......... .......... .......... .......... .......... 4.66M
   300K .......... .......... .......... .......... .......... 1.14M
   350K .......... .......... .......... .......... .......... 1.03M
   400K .......... .......... .......... .......... .......... 3.34M
   450K .......... .......... .......... .......... .......... 1.19M
   500K .......... .......... .......... .......... .......... 1.09M
   550K .......... .......... .......... .......... .......... 12.0M
   600K .......... .......... .......... .......... .......... 1.12M
   650K .......... .......... .......... .......... .......... 4.08M
   700K .......... .......... .......... .......... .......... 1.15M
   750K .......... .......... .......... .......... .......... 3.90M
   800K .......... .......... .......... .......... .......... 2.49M
   850K .......... .......... .......... .......... .......... 1.29M
   900K .......... .......... .......... .....                 1.00M=0.7s

2016-02-10 18:43:17 (1.27 MB/s) - ‘2QH4.pdb’ saved [957906]

2QH4 contains 20 models
