--2016-02-10 18:32:51--  http://www.rcsb.org/pdb/files/2KOC.pdb
Resolving www.rcsb.org (www.rcsb.org)... 128.6.70.10
Connecting to www.rcsb.org (www.rcsb.org)|128.6.70.10|:80... connected.
HTTP request sent, awaiting response... 200 OK
Length: unspecified [text/plain]
Saving to: ‘2KOC.pdb’

     0K .......... .......... .......... .......... ..........  511K
    50K .......... .......... .......... .......... ..........  366K
   100K .......... .......... .......... .......... ..........  544K
   150K .......... .......... .......... .......... ..........  483K
   200K .......... .......... .......... .......... ..........  521K
   250K .......... .......... .......... .......... ..........  653K
   300K .......... .......... .......... .......... ..........  687K
   350K .......... .......... .......... .......... .......... 1.35M
   400K .......... .......... .......... .......... ..........  756K
   450K .......... .......... .......... .......... .......... 1.22M
   500K .......... .......... .......... .......... .......... 1.25M
   550K .......... .......... .......... .......... ..........  926K
   600K .......... .......... .......... .......... .......... 1.18M
   650K .......... .......... .......... .......... .......... 1.40M
   700K .......... .......... .....                            4.70M=1.0s

2016-02-10 18:32:52 (731 KB/s) - ‘2KOC.pdb’ saved [743337]

2KOC contains 20 models
