--2016-02-10 18:33:41--  http://www.rcsb.org/pdb/files/2LHP.pdb
Resolving www.rcsb.org (www.rcsb.org)... 128.6.70.10
Connecting to www.rcsb.org (www.rcsb.org)|128.6.70.10|:80... connected.
HTTP request sent, awaiting response... 200 OK
Length: unspecified [text/plain]
Saving to: ‘2LHP.pdb’

     0K .......... .......... .......... .......... ..........  475K
    50K .......... .......... .......... .......... ..........  748K
   100K .......... .......... .......... .......... .......... 1.01M
   150K .......... .......... .......... .......... .......... 1.18M
   200K .......... .......... .......... .......... .......... 1.16M
   250K .......... .......... .......... .......... .......... 1.34M
   300K .......... .......... .......... .......... ..........  997K
   350K .......... .......... .......... .......... .......... 1.15M
   400K .......... .......... .......... .......... .......... 1.22M
   450K .......... .......... .......... .......... .......... 1.25M
   500K .......... .......... .......... .......... .......... 1.22M
   550K .......... .......... .......... .......... .......... 1.93M
   600K .......... .......... .......... .......... ..........  850K
   650K .......... .......... .......... .......... .......... 2.68M
   700K .......... .......... .......... .......... .......... 1.99M
   750K .......... .......... .......... .......... .......... 1.42M
   800K .......... .......... .......... .......... .......... 1.71M
   850K .......... .......... .......... .......... .......... 1.33M
   900K .......... .......... .......... .......... .......... 4.39M
   950K ......                                                 5.87M=0.8s

2016-02-10 18:33:42 (1.18 MB/s) - ‘2LHP.pdb’ saved [979857]

2LHP contains 10 models
