--2016-02-10 18:30:28--  http://www.rcsb.org/pdb/files/1R7W.pdb
Resolving www.rcsb.org (www.rcsb.org)... 128.6.70.10
Connecting to www.rcsb.org (www.rcsb.org)|128.6.70.10|:80... connected.
HTTP request sent, awaiting response... 200 OK
Length: unspecified [text/plain]
Saving to: ‘1R7W.pdb’

     0K .......... .......... .......... .......... ..........  593K
    50K .......... .......... .......... .......... ..........  130K
   100K .......... .......... .......... .......... ..........  372K
   150K .......... .......... .......... .......... ..........  714K
   200K .......... .......... .......... .......... ..........  651K
   250K .......... .......... .......... .......... ..........  746K
   300K .......... .......... .......... .......... ..........  795K
   350K .......... .......... .......... .......... ..........  643K
   400K .......... .......... .......... .......... ..........  749K
   450K .......... .......... .......... .......... ..........  736K
   500K .......... .......... .......... .......... ..........  756K
   550K .......... .......... .......... .......... ..........  578K
   600K .......... .......... .......... .......... ..........  837K
   650K .......... .......... .......... .......... ..........  587K
   700K .......... .......... .......... .......... ..........  790K
   750K .......... .......... .......... .......... .......... 1.10M
   800K .......... .......... .......... .......... ..........  716K
   850K .......... .......... .......... .......... ..........  750K
   900K .......... .......... .......... .......... ..........  783K
   950K .......... .......... .......... .......... ..........  669K
  1000K .......... .......... .......... .......... ..........  722K
  1050K .......... .......... .......... .......... ..........  803K
  1100K .......... .......... .......... .......... ..........  558K
  1150K .......... .......... .......... .......... ..........  603K
  1200K .......... .......... .......... .......... ..........  712K
  1250K .......... .......... .......... .......... ..........  704K
  1300K .......... .......... .......... .......... ..........  715K
  1350K .......... .......... .......... .......... ..........  737K
  1400K .......... .......... .......... .......... .......... 1.17M
  1450K .......... .......... .......... .......... ..........  647K
  1500K .......... .......... .......... .......... ..........  656K
  1550K .......... .......... .......... .......... ..........  541K
  1600K .......... .......... .......... .......... ..........  864K
  1650K .......... .......... .......... .......... ..........  714K
  1700K .......... .......... .......... .........              711K=2.8s

2016-02-10 18:30:31 (615 KB/s) - ‘1R7W.pdb’ saved [1781190]

1R7W contains 20 models
